<?xml version="1.0" encoding="UTF-8"?>
<testng-results ignored="0" total="1" passed="1" failed="0" skipped="0">
  <reporter-output>
  </reporter-output>
  <suite started-at="2024-09-27T11:21:28 ICT" name="Default suite" finished-at="2024-09-27T11:21:28 ICT" duration-ms="132">
    <groups>
    </groups>
    <test started-at="2024-09-27T11:21:28 ICT" name="Default test" finished-at="2024-09-27T11:21:28 ICT" duration-ms="132">
      <class name="simple.tetst">
        <test-method signature="additionTest()[pri:0, instance:simple.tetst@3bcd05cb]" started-at="2024-09-27T11:21:28 ICT" name="additionTest" finished-at="2024-09-27T11:21:28 ICT" duration-ms="49" status="PASS">
          <reporter-output>
          </reporter-output>
        </test-method> <!-- additionTest -->
      </class> <!-- simple.tetst -->
    </test> <!-- Default test -->
  </suite> <!-- Default suite -->
</testng-results>
